<?xml version="1.0" encoding="UTF-8" standalone="no"?>
<!DOCTYPE log SYSTEM "logger.dtd">
<log>
<record>
  <date>2017-02-15T16:08:38.283-0300</date>
  <logger>VICTOR EDUARDO BORGES DE ARAUJO</logger>
  <level>FINE</level>
  <message>File 115210597-VICTOR EDUARDO BORGES DE ARAUJO.zip was received. It was sent by VICTOR EDUARDO BORGES DE ARAUJO from IP 150.165.74.133</message>
</record>
</log>
<?xml version="1.0" encoding="UTF-8" standalone="no"?>
<!DOCTYPE log SYSTEM "logger.dtd">
<log>
<record>
  <date>2017-02-16T00:20:19.802-0300</date>
  <logger>VICTOR EDUARDO BORGES DE ARAUJO</logger>
  <level>FINE</level>
  <message>File 115210597-VICTOR EDUARDO BORGES DE ARAUJO.zip was received. It was sent by VICTOR EDUARDO BORGES DE ARAUJO from IP 192.168.56.1</message>
</record>
</log>
<?xml version="1.0" encoding="UTF-8" standalone="no"?>
<!DOCTYPE log SYSTEM "logger.dtd">
<log>
<record>
  <date>2017-02-16T00:33:04.045-0300</date>
  <logger>VICTOR EDUARDO BORGES DE ARAUJO</logger>
  <level>FINE</level>
  <message>File 115210597-VICTOR EDUARDO BORGES DE ARAUJO.zip was received. It was sent by VICTOR EDUARDO BORGES DE ARAUJO from IP 192.168.56.1</message>
</record>
