<?xml version="1.0" encoding="UTF-8" standalone="no"?>
<!DOCTYPE log SYSTEM "logger.dtd">
<head/><log>
<record>
  <date>2016-12-05T14:05:22.811-0300</date>
  <logger>VICTOR EDUARDO BORGES DE ARAUJO</logger>
  <level>FINE</level>
  <message>File 115210597-VICTOR EDUARDO BORGES DE ARAUJO.zip was received. It was sent by VICTOR EDUARDO BORGES DE ARAUJO from IP 192.168.56.1</message>
</record>
</log>
<?xml version="1.0" encoding="UTF-8" standalone="no"?>
<!DOCTYPE log SYSTEM "logger.dtd">
<log>
<record>
  <date>2016-12-05T16:07:09.023-0300</date>
  <logger>VICTOR EDUARDO BORGES DE ARAUJO</logger>
  <level>FINE</level>
  <message>File 115210597-VICTOR EDUARDO BORGES DE ARAUJO.zip was received. It was sent by VICTOR EDUARDO BORGES DE ARAUJO from IP 192.168.56.1</message>
</record>
</log>
<?xml version="1.0" encoding="UTF-8" standalone="no"?>
<!DOCTYPE log SYSTEM "logger.dtd">
<log>
<record>
  <date>2016-12-05T18:19:51.217-0300</date>
  <logger>VICTOR EDUARDO BORGES DE ARAUJO</logger>
  <level>FINE</level>
  <message>File 115210597-VICTOR EDUARDO BORGES DE ARAUJO.zip was received. It was sent by VICTOR EDUARDO BORGES DE ARAUJO from IP 192.168.56.1</message>
</record>
</log>
<?xml version="1.0" encoding="UTF-8" standalone="no"?>
<!DOCTYPE log SYSTEM "logger.dtd">
<log>
<record>
  <date>2016-12-05T18:29:33.910-0300</date>
  <logger>VICTOR EDUARDO BORGES DE ARAUJO</logger>
  <level>FINE</level>
  <message>File 115210597-VICTOR EDUARDO BORGES DE ARAUJO.zip was received. It was sent by VICTOR EDUARDO BORGES DE ARAUJO from IP 192.168.56.1</message>
</record>
</log>
<?xml version="1.0" encoding="UTF-8" standalone="no"?>
<!DOCTYPE log SYSTEM "logger.dtd">
<log>
<record>
  <date>2016-12-05T19:12:29.629-0300</date>
  <logger>VICTOR EDUARDO BORGES DE ARAUJO</logger>
  <level>FINE</level>
  <message>File 115210597-VICTOR EDUARDO BORGES DE ARAUJO.zip was received. It was sent by VICTOR EDUARDO BORGES DE ARAUJO from IP 192.168.56.1</message>
</record>
