<?xml version="1.0" encoding="UTF-8" standalone="no"?>
<!DOCTYPE log SYSTEM "logger.dtd">
<head/><log>
<record>
  <date>2016-11-23T16:04:08.539-0300</date>
  <logger>VICTOR EDUARDO BORGES DE ARAUJO</logger>
  <level>FINE</level>
  <message>File 115210597-VICTOR EDUARDO BORGES DE ARAUJO.zip was received. It was sent by VICTOR EDUARDO BORGES DE ARAUJO from IP 192.168.56.1</message>
</record>
</log>
<?xml version="1.0" encoding="UTF-8" standalone="no"?>
<!DOCTYPE log SYSTEM "logger.dtd">
<log>
<record>
  <date>2016-11-23T17:22:57.584-0300</date>
  <logger>VICTOR EDUARDO BORGES DE ARAUJO</logger>
  <level>FINE</level>
  <message>File 115210597-VICTOR EDUARDO BORGES DE ARAUJO.zip was received. It was sent by VICTOR EDUARDO BORGES DE ARAUJO from IP 192.168.56.1</message>
</record>
</log>
<?xml version="1.0" encoding="UTF-8" standalone="no"?>
<!DOCTYPE log SYSTEM "logger.dtd">
<log>
<record>
  <date>2016-11-23T17:25:43.499-0300</date>
  <logger>VICTOR EDUARDO BORGES DE ARAUJO</logger>
  <level>FINE</level>
  <message>File 115210597-VICTOR EDUARDO BORGES DE ARAUJO.zip was received. It was sent by VICTOR EDUARDO BORGES DE ARAUJO from IP 192.168.56.1</message>
</record>
</log>
<?xml version="1.0" encoding="UTF-8" standalone="no"?>
<!DOCTYPE log SYSTEM "logger.dtd">
<log>
<record>
  <date>2016-11-23T22:39:21.188-0300</date>
  <logger>VICTOR EDUARDO BORGES DE ARAUJO</logger>
  <level>FINE</level>
  <message>File 115210597-VICTOR EDUARDO BORGES DE ARAUJO.zip was received. It was sent by VICTOR EDUARDO BORGES DE ARAUJO from IP 192.168.56.1</message>
</record>
</log>
<?xml version="1.0" encoding="UTF-8" standalone="no"?>
<!DOCTYPE log SYSTEM "logger.dtd">
<log>
<record>
  <date>2016-11-23T22:41:14.464-0300</date>
  <logger>VICTOR EDUARDO BORGES DE ARAUJO</logger>
  <level>FINE</level>
  <message>File 115210597-VICTOR EDUARDO BORGES DE ARAUJO.zip was received. It was sent by VICTOR EDUARDO BORGES DE ARAUJO from IP 192.168.56.1</message>
</record>
