<?xml version="1.0" encoding="UTF-8" standalone="no"?>
<!DOCTYPE log SYSTEM "logger.dtd">
<log>
<record>
  <date>2017-03-20T14:09:58.040-0300</date>
  <logger>VICTOR EDUARDO BORGES DE ARAUJO</logger>
  <level>FINE</level>
  <message>File 115210597-VICTOR EDUARDO BORGES DE ARAUJO.zip was received. It was sent by VICTOR EDUARDO BORGES DE ARAUJO from IP 150.165.74.109</message>
</record>
</log>
<?xml version="1.0" encoding="UTF-8" standalone="no"?>
<!DOCTYPE log SYSTEM "logger.dtd">
<log>
<record>
  <date>2017-03-20T14:10:57.327-0300</date>
  <logger>VICTOR EDUARDO BORGES DE ARAUJO</logger>
  <level>FINE</level>
  <message>File 115210597-VICTOR EDUARDO BORGES DE ARAUJO.zip was received. It was sent by VICTOR EDUARDO BORGES DE ARAUJO from IP 150.165.74.109</message>
</record>
</log>
<?xml version="1.0" encoding="UTF-8" standalone="no"?>
<!DOCTYPE log SYSTEM "logger.dtd">
<log>
<record>
  <date>2017-03-20T18:41:41.097-0300</date>
  <logger>VICTOR EDUARDO BORGES DE ARAUJO</logger>
  <level>FINE</level>
  <message>File 115210597-VICTOR EDUARDO BORGES DE ARAUJO.zip was received. It was sent by VICTOR EDUARDO BORGES DE ARAUJO from IP 192.168.56.1</message>
</record>
</log>
<?xml version="1.0" encoding="UTF-8" standalone="no"?>
<!DOCTYPE log SYSTEM "logger.dtd">
<log>
<record>
  <date>2017-03-20T21:29:23.967-0300</date>
  <logger>VICTOR EDUARDO BORGES DE ARAUJO</logger>
  <level>FINE</level>
  <message>File 115210597-VICTOR EDUARDO BORGES DE ARAUJO.zip was received. It was sent by VICTOR EDUARDO BORGES DE ARAUJO from IP 192.168.56.1</message>
</record>
