<?xml version="1.0" encoding="UTF-8" standalone="no"?>
<!DOCTYPE log SYSTEM "logger.dtd">
<head/><log>
<record>
  <date>2016-12-14T16:04:42.485-0300</date>
  <logger>VICTOR EDUARDO BORGES DE ARAUJO</logger>
  <level>FINE</level>
  <message>File 115210597-VICTOR EDUARDO BORGES DE ARAUJO.zip was received. It was sent by VICTOR EDUARDO BORGES DE ARAUJO from IP 192.168.56.1</message>
</record>
</log>
<?xml version="1.0" encoding="UTF-8" standalone="no"?>
<!DOCTYPE log SYSTEM "logger.dtd">
<log>
<record>
  <date>2016-12-14T18:58:56.822-0300</date>
  <logger>VICTOR EDUARDO BORGES DE ARAUJO</logger>
  <level>FINE</level>
  <message>File 115210597-VICTOR EDUARDO BORGES DE ARAUJO.zip was received. It was sent by VICTOR EDUARDO BORGES DE ARAUJO from IP 192.168.56.1</message>
</record>
</log>
<?xml version="1.0" encoding="UTF-8" standalone="no"?>
<!DOCTYPE log SYSTEM "logger.dtd">
<log>
<record>
  <date>2016-12-14T20:17:12.923-0300</date>
  <logger>VICTOR EDUARDO BORGES DE ARAUJO</logger>
  <level>FINE</level>
  <message>File 115210597-VICTOR EDUARDO BORGES DE ARAUJO.zip was received. It was sent by VICTOR EDUARDO BORGES DE ARAUJO from IP 192.168.56.1</message>
</record>
</log>
<?xml version="1.0" encoding="UTF-8" standalone="no"?>
<!DOCTYPE log SYSTEM "logger.dtd">
<log>
<record>
  <date>2016-12-14T20:32:19.362-0300</date>
  <logger>VICTOR EDUARDO BORGES DE ARAUJO</logger>
  <level>FINE</level>
  <message>File 115210597-VICTOR EDUARDO BORGES DE ARAUJO.zip was received. It was sent by VICTOR EDUARDO BORGES DE ARAUJO from IP 192.168.56.1</message>
</record>
</log>
<?xml version="1.0" encoding="UTF-8" standalone="no"?>
<!DOCTYPE log SYSTEM "logger.dtd">
<log>
<record>
  <date>2016-12-14T20:54:14.753-0300</date>
  <logger>VICTOR EDUARDO BORGES DE ARAUJO</logger>
  <level>FINE</level>
  <message>File 115210597-VICTOR EDUARDO BORGES DE ARAUJO.zip was received. It was sent by VICTOR EDUARDO BORGES DE ARAUJO from IP 192.168.56.1</message>
</record>
